<?xml version="1.0" encoding="UTF-8"?>
<!-- Generated by org.testng.reporters.JUnitXMLReporter -->
<testsuite ignored="0" hostname="DESKTOP-GLPCO8E" failures="1" tests="1" name="Default test" time="26.578" errors="0" timestamp="2024-03-03T02:36:39 IST">
  <testcase classname="io.cucumber.testng.AbstractTestNGCucumberTests" name="runScenario" time="24.882">
    <failure type="java.lang.NullPointerException" message="Cannot invoke &amp;quot;org.openqa.selenium.WebDriver.close()&amp;quot; because &amp;quot;StepDefinition.CloseStep.driver&amp;quot; is null">
      <![CDATA[java.lang.NullPointerException: Cannot invoke "org.openqa.selenium.WebDriver.close()" because "StepDefinition.CloseStep.driver" is null
at StepDefinition.CloseStep.close_browser(CloseStep.java:10)
at ✽.close browser(file:///E:/CucumberBBD/CucumberFramework/./Features/LoginFeature.feature:12)
]]>
    </failure>
  </testcase> <!-- runScenario -->
</testsuite> <!-- Default test -->
