<?xml version="1.0" encoding="UTF-8"?>
<!-- Generated by org.testng.reporters.JUnitXMLReporter -->
<testsuite hostname="DESKTOP-GLPCO8E" failures="0" tests="0" name="Test" time="0.154" errors="0" timestamp="2 Mar 2024 20:42:44 GMT">
  <testcase classname="TestRunner.Run" name="@BeforeClass setUpClass" time="0.0">
    <failure type="java.lang.AbstractMethodError" message="Receiver class io.cucumber.testng.TestNGCucumberOptionsProvider$TestNGCucumberOptions does not define or inherit an implementation of the resolved method &amp;apos;abstract java.lang.Class uuidGenerator()&amp;apos; of interface io.cucumber.core.options.CucumberOptionsAnnotationParser$CucumberOptions.">
      <![CDATA[java.lang.AbstractMethodError: Receiver class io.cucumber.testng.TestNGCucumberOptionsProvider$TestNGCucumberOptions does not define or inherit an implementation of the resolved method 'abstract java.lang.Class uuidGenerator()' of interface io.cucumber.core.options.CucumberOptionsAnnotationParser$CucumberOptions.
	at io.cucumber.core.options.CucumberOptionsAnnotationParser.addUuidGenerator(CucumberOptionsAnnotationParser.java:148)
	at io.cucumber.core.options.CucumberOptionsAnnotationParser.parse(CucumberOptionsAnnotationParser.java:46)
	at io.cucumber.testng.TestNGCucumberRunner.<init>(TestNGCucumberRunner.java:85)
	at io.cucumber.testng.AbstractTestNGCucumberTests.setUpClass(AbstractTestNGCucumberTests.java:27)
... Removed 22 stack frames]]>
    </failure>
  </testcase> <!-- @BeforeClass setUpClass -->
</testsuite> <!-- Test -->
