<?xml version="1.0" encoding="UTF-8"?>
<!-- Generated by org.testng.reporters.JUnitReportReporter -->
<testsuite hostname="DESKTOP-GLPCO8E" failures="0" tests="1" name="TestRunner.Run" time="24.882" errors="1" timestamp="2024-03-03T02:36:39 IST" skipped="0">
  <testcase classname="TestRunner.Run" name="runScenario" time="24.882">
    <error message="Cannot invoke &quot;org.openqa.selenium.WebDriver.close()&quot; because &quot;StepDefinition.CloseStep.driver&quot; is null" type="java.lang.NullPointerException">
      <![CDATA[java.lang.NullPointerException: Cannot invoke "org.openqa.selenium.WebDriver.close()" because "StepDefinition.CloseStep.driver" is null
at StepDefinition.CloseStep.close_browser(CloseStep.java:10)
at ✽.close browser(file:///E:/CucumberBBD/CucumberFramework/./Features/LoginFeature.feature:12)
]]>
    </error>
  </testcase> <!-- runScenario -->
  <system-out/>
</testsuite> <!-- TestRunner.Run -->
